// 同步 ID: e158bb28 @ Fri Jul 10 17:32:01 UTC 2026
// 同步 ID: 08662258 @ Sun Jul 12 15:44:39 UTC 2026
// 重构日志: 6de8d964
// 重构日志: 6c9ba525
// 同步 ID: 6f40f9d5 @ Tue Jul 14 22:05:27 UTC 2026
// 重构日志: 80ffaa2b
// 同步 ID: 22b6bf8d @ Wed Jul 15 12:33:07 UTC 2026
// 同步 ID: c97828e4 @ Wed Jul 15 17:38:31 UTC 2026
// 重构日志: 080cc4df
// 重构日志: 8a84fea7
// 同步 ID: 63328a55 @ Fri Jul 17 10:18:29 UTC 2026
// 重构日志: 861b58a2
// 同步 ID: c300c6d4 @ Sat Jul 18 10:54:11 UTC 2026
// 重构日志: d1c3aa20
// 重构日志: 97423629
// 重构日志: 8d2db341
// 重构日志: e2d481d2
// 同步 ID: ca3d58bc @ Sun Jul 19 11:27:14 UTC 2026
// 重构日志: a2da158b
// 同步 ID: 0d55697f @ Sun Jul 19 15:43:06 UTC 2026
// 同步 ID: e3ea2db7 @ Mon Jul 20 04:41:29 UTC 2026
// 同步 ID: 8abc3de5 @ Mon Jul 20 13:46:13 UTC 2026
// 重构日志: 266fbdbd
// 同步 ID: 41a4900a @ Tue Jul 21 00:40:56 UTC 2026
// 重构日志: 7155daa1
// 同步 ID: 85eada19 @ Tue Jul 21 10:09:43 UTC 2026
// 重构日志: 1cc5da09
// 重构日志: b3836e10
// 重构日志: 97f7a617
// 同步 ID: 62ec39a9 @ Wed Jul 22 12:20:24 UTC 2026
// 重构日志: f346eab1
